


07-05-2019 08:15 [      ]  -  -------Program Started-------
07-05-2019 08:15 [      ]  -   imported required internal modules 
07-05-2019 08:15 [      ]  -   sql script for bidUploadPathName prepared 
07-05-2019 08:15 [      ]  -   fetched last bid upload date 
07-05-2019 08:15 [      ]  -   sql script for fetching MI data prepared 
07-05-2019 08:15 [      ]  -   fetched report data 
07-05-2019 08:15 [      ]  -   processed data for daily report 
07-05-2019 08:15 [      ]  -   reports generated 
07-05-2019 08:15 [      ]  -   reports saved 
07-05-2019 08:15 [      ]  -   processed data for daily report 
07-05-2019 08:15 [      ]  -   reports generated 
07-05-2019 08:15 [      ]  -   reports saved 
07-05-2019 08:15 [      ]  -   processed data for daily report 
07-05-2019 08:15 [      ]  -   reports generated 
07-05-2019 08:15 [      ]  -   reports saved 
07-05-2019 08:15 [      ]  -   processed data for daily report 
07-05-2019 08:15 [      ]  -   reports generated 
07-05-2019 08:15 [      ]  -   reports saved 
07-05-2019 08:15 [      ]  -   emails sent 
07-05-2019 08:15 [      ]  -   -------Program Complete------- 


08-05-2019 08:15 [      ]  -  -------Program Started-------
08-05-2019 08:15 [      ]  -   imported required internal modules 
08-05-2019 08:15 [      ]  -   sql script for bidUploadPathName prepared 
08-05-2019 08:15 [      ]  -   fetched last bid upload date 
08-05-2019 08:15 [      ]  -   sql script for fetching MI data prepared 
08-05-2019 08:15 [      ]  -   fetched report data 
08-05-2019 08:15 [      ]  -   processed data for daily report 
08-05-2019 08:15 [      ]  -   reports generated 
08-05-2019 08:15 [      ]  -   reports saved 
08-05-2019 08:15 [      ]  -   processed data for daily report 
08-05-2019 08:15 [      ]  -   reports generated 
08-05-2019 08:15 [      ]  -   reports saved 
08-05-2019 08:15 [      ]  -   processed data for daily report 
08-05-2019 08:15 [      ]  -   reports generated 
08-05-2019 08:15 [      ]  -   reports saved 
08-05-2019 08:15 [      ]  -   processed data for daily report 
08-05-2019 08:15 [      ]  -   reports generated 
08-05-2019 08:15 [      ]  -   reports saved 
08-05-2019 08:15 [      ]  -   emails sent 
08-05-2019 08:15 [      ]  -   -------Program Complete------- 


09-05-2019 08:15 [      ]  -  -------Program Started-------
09-05-2019 08:15 [      ]  -   imported required internal modules 
09-05-2019 08:15 [      ]  -   sql script for bidUploadPathName prepared 
09-05-2019 08:15 [      ]  -   fetched last bid upload date 
09-05-2019 08:15 [      ]  -   sql script for fetching MI data prepared 
09-05-2019 08:15 [      ]  -   fetched report data 
09-05-2019 08:15 [      ]  -   processed data for daily report 
09-05-2019 08:15 [      ]  -   reports generated 
09-05-2019 08:15 [      ]  -   reports saved 
09-05-2019 08:15 [      ]  -   processed data for daily report 
09-05-2019 08:15 [      ]  -   reports generated 
09-05-2019 08:15 [      ]  -   reports saved 
09-05-2019 08:15 [      ]  -   processed data for daily report 
09-05-2019 08:15 [      ]  -   reports generated 
09-05-2019 08:15 [      ]  -   reports saved 
09-05-2019 08:15 [      ]  -   processed data for daily report 
09-05-2019 08:15 [      ]  -   reports generated 
09-05-2019 08:15 [      ]  -   reports saved 
09-05-2019 08:15 [      ]  -   emails sent 
09-05-2019 08:15 [      ]  -   -------Program Complete------- 


10-05-2019 08:15 [      ]  -  -------Program Started-------
10-05-2019 08:15 [      ]  -   imported required internal modules 
10-05-2019 08:15 [      ]  -   sql script for bidUploadPathName prepared 
10-05-2019 08:15 [      ]  -   fetched last bid upload date 
10-05-2019 08:15 [      ]  -   sql script for fetching MI data prepared 
10-05-2019 08:15 [      ]  -   fetched report data 
10-05-2019 08:15 [      ]  -   processed data for daily report 
10-05-2019 08:15 [      ]  -   reports generated 
10-05-2019 08:15 [      ]  -   reports saved 
10-05-2019 08:15 [      ]  -   processed data for daily report 
10-05-2019 08:15 [      ]  -   reports generated 
10-05-2019 08:15 [      ]  -   reports saved 
10-05-2019 08:15 [      ]  -   processed data for daily report 
10-05-2019 08:15 [      ]  -   reports generated 
10-05-2019 08:15 [      ]  -   reports saved 
10-05-2019 08:15 [      ]  -   processed data for daily report 
10-05-2019 08:15 [      ]  -   reports generated 
10-05-2019 08:15 [      ]  -   reports saved 
10-05-2019 08:15 [      ]  -   emails sent 
10-05-2019 08:15 [      ]  -   -------Program Complete------- 


11-05-2019 08:15 [      ]  -  -------Program Started-------
11-05-2019 08:15 [      ]  -   imported required internal modules 
11-05-2019 08:15 [      ]  -   sql script for bidUploadPathName prepared 
11-05-2019 08:15 [      ]  -   fetched last bid upload date 
11-05-2019 08:15 [      ]  -   sql script for fetching MI data prepared 
11-05-2019 08:15 [      ]  -   fetched report data 
11-05-2019 08:15 [      ]  -   processed data for daily report 
11-05-2019 08:15 [      ]  -   reports generated 
11-05-2019 08:15 [      ]  -   reports saved 
11-05-2019 08:15 [      ]  -   processed data for daily report 
11-05-2019 08:15 [      ]  -   reports generated 
11-05-2019 08:15 [      ]  -   reports saved 
11-05-2019 08:15 [      ]  -   processed data for daily report 
11-05-2019 08:15 [      ]  -   reports generated 
11-05-2019 08:15 [      ]  -   reports saved 
11-05-2019 08:15 [      ]  -   processed data for daily report 
11-05-2019 08:15 [      ]  -   reports generated 
11-05-2019 08:15 [      ]  -   reports saved 
11-05-2019 08:15 [      ]  -   emails sent 
11-05-2019 08:15 [      ]  -   -------Program Complete------- 


12-05-2019 08:15 [      ]  -  -------Program Started-------
12-05-2019 08:15 [      ]  -   imported required internal modules 
12-05-2019 08:15 [      ]  -   sql script for bidUploadPathName prepared 
12-05-2019 08:15 [      ]  -   fetched last bid upload date 
12-05-2019 08:15 [      ]  -   sql script for fetching MI data prepared 
12-05-2019 08:15 [      ]  -   fetched report data 
12-05-2019 08:15 [      ]  -   processed data for daily report 
12-05-2019 08:15 [      ]  -   reports generated 
12-05-2019 08:15 [      ]  -   reports saved 
12-05-2019 08:15 [      ]  -   processed data for daily report 
12-05-2019 08:15 [      ]  -   reports generated 
12-05-2019 08:15 [      ]  -   reports saved 
12-05-2019 08:15 [      ]  -   processed data for daily report 
12-05-2019 08:15 [      ]  -   reports generated 
12-05-2019 08:15 [      ]  -   reports saved 
12-05-2019 08:15 [      ]  -   processed data for daily report 
12-05-2019 08:15 [      ]  -   reports generated 
12-05-2019 08:15 [      ]  -   reports saved 
12-05-2019 08:15 [      ]  -   emails sent 
12-05-2019 08:15 [      ]  -   -------Program Complete------- 


13-05-2019 08:15 [      ]  -  -------Program Started-------
13-05-2019 08:15 [      ]  -   imported required internal modules 
13-05-2019 08:15 [      ]  -   sql script for bidUploadPathName prepared 
13-05-2019 08:15 [      ]  -   fetched last bid upload date 
13-05-2019 08:15 [      ]  -   sql script for fetching MI data prepared 
13-05-2019 08:15 [      ]  -   fetched report data 
13-05-2019 08:15 [      ]  -   processed data for daily report 
13-05-2019 08:15 [      ]  -   reports generated 
13-05-2019 08:15 [      ]  -   reports saved 
13-05-2019 08:15 [      ]  -   processed data for daily report 
13-05-2019 08:15 [      ]  -   reports generated 
13-05-2019 08:15 [      ]  -   reports saved 
13-05-2019 08:15 [      ]  -   processed data for daily report 
13-05-2019 08:15 [      ]  -   reports generated 
13-05-2019 08:15 [      ]  -   reports saved 
13-05-2019 08:15 [      ]  -   processed data for daily report 
13-05-2019 08:15 [      ]  -   reports generated 
13-05-2019 08:15 [      ]  -   reports saved 
13-05-2019 08:15 [      ]  -   emails sent 
13-05-2019 08:15 [      ]  -   -------Program Complete------- 


14-05-2019 08:15 [      ]  -  -------Program Started-------
14-05-2019 08:15 [      ]  -   imported required internal modules 
14-05-2019 08:15 [      ]  -   sql script for bidUploadPathName prepared 
14-05-2019 08:15 [      ]  -   fetched last bid upload date 
14-05-2019 08:15 [      ]  -   sql script for fetching MI data prepared 
14-05-2019 08:15 [      ]  -   fetched report data 
14-05-2019 08:15 [      ]  -   processed data for daily report 
14-05-2019 08:15 [      ]  -   reports generated 
14-05-2019 08:15 [      ]  -   reports saved 
14-05-2019 08:15 [      ]  -   processed data for daily report 
14-05-2019 08:15 [      ]  -   reports generated 
14-05-2019 08:15 [      ]  -   reports saved 
14-05-2019 08:15 [      ]  -   processed data for daily report 
14-05-2019 08:15 [      ]  -   reports generated 
14-05-2019 08:15 [      ]  -   reports saved 
14-05-2019 08:15 [      ]  -   processed data for daily report 
14-05-2019 08:15 [      ]  -   reports generated 
14-05-2019 08:15 [      ]  -   reports saved 
14-05-2019 08:15 [      ]  -   emails sent 
14-05-2019 08:15 [      ]  -   -------Program Complete------- 


15-05-2019 08:15 [      ]  -  -------Program Started-------
15-05-2019 08:15 [      ]  -   imported required internal modules 
15-05-2019 08:15 [      ]  -   sql script for bidUploadPathName prepared 
15-05-2019 08:15 [      ]  -   fetched last bid upload date 
15-05-2019 08:15 [      ]  -   sql script for fetching MI data prepared 
15-05-2019 08:15 [      ]  -   fetched report data 
15-05-2019 08:15 [      ]  -   processed data for daily report 
15-05-2019 08:15 [      ]  -   reports generated 
15-05-2019 08:15 [      ]  -   reports saved 
15-05-2019 08:15 [      ]  -   processed data for daily report 
15-05-2019 08:15 [      ]  -   reports generated 
15-05-2019 08:15 [      ]  -   reports saved 
15-05-2019 08:15 [      ]  -   processed data for daily report 
15-05-2019 08:15 [      ]  -   reports generated 
15-05-2019 08:15 [      ]  -   reports saved 
15-05-2019 08:15 [      ]  -   processed data for daily report 
15-05-2019 08:15 [      ]  -   reports generated 
15-05-2019 08:15 [      ]  -   reports saved 
15-05-2019 08:15 [      ]  -   emails sent 
15-05-2019 08:15 [      ]  -   -------Program Complete------- 


16-05-2019 08:15 [      ]  -  -------Program Started-------
16-05-2019 08:15 [      ]  -   imported required internal modules 
16-05-2019 08:15 [      ]  -   sql script for bidUploadPathName prepared 
16-05-2019 08:16 [ FAIL ]  -  Something went wrong doing the function fetch: (20009, b'DB-Lib error message 20009, severity 9:\nUnable to connect: Adaptive Server is unavailable or does not exist (Mssql05.syn.otbeach.com:1433)\nNet-Lib error during Unknown error (10060)\n')
17-05-2019 08:15 [      ]  -  -------Program Started-------
17-05-2019 08:15 [      ]  -   imported required internal modules 
17-05-2019 08:15 [      ]  -   sql script for bidUploadPathName prepared 
17-05-2019 08:15 [ FAIL ]  -  Something went wrong doing the function fetch: Execution failed on sql 'EXEC [spGetGoogleAdwordsEditorJobSummary] 40': (229, b"The EXECUTE permission was denied on the object 'spGetGoogleAdwordsEditorJobSummary', database 'WebDataExternal', schema 'dbo'.DB-Lib error message 20018, severity 14:\nGeneral SQL Server error: Check messages from the SQL Server\n")
18-05-2019 08:15 [      ]  -  -------Program Started-------
18-05-2019 08:15 [      ]  -   imported required internal modules 
18-05-2019 08:15 [      ]  -   sql script for bidUploadPathName prepared 
18-05-2019 08:15 [ FAIL ]  -  Something went wrong doing the function fetch: Execution failed on sql 'EXEC [spGetGoogleAdwordsEditorJobSummary] 40': (229, b"The EXECUTE permission was denied on the object 'spGetGoogleAdwordsEditorJobSummary', database 'WebDataExternal', schema 'dbo'.DB-Lib error message 20018, severity 14:\nGeneral SQL Server error: Check messages from the SQL Server\n")
19-05-2019 08:15 [      ]  -  -------Program Started-------
19-05-2019 08:15 [      ]  -   imported required internal modules 
19-05-2019 08:15 [      ]  -   sql script for bidUploadPathName prepared 
